;  LST file generated by mikroListExporter - v.2.0 
; Date/Time: 24.01.2016 22:32:39
;----------------------------------------------

;Address Opcode 	ASM
0x0000	0x2816      	GOTO       22
_____DoICP:
;__Lib_System.c,6 :: 		
;__Lib_System.c,9 :: 		
0x0003	0x1283      	BCF        STATUS, 5
0x0004	0x1303      	BCF        STATUS, 6
0x0005	0x082C      	MOVF       ___DoICPAddr+1, 0
0x0006	0x008A      	MOVWF      PCLATH
;__Lib_System.c,10 :: 		
0x0007	0x082B      	MOVF       ___DoICPAddr, 0
0x0008	0x0082      	MOVWF      PCL
;__Lib_System.c,12 :: 		
L_end_____DoICP:
0x0009	0x0008      	RETURN
; end of _____DoICP
___CC2DW:
;__Lib_System.c,134 :: 		
;__Lib_System.c,137 :: 		
_CC2D_Loop1:
;__Lib_System.c,139 :: 		
0x000A	0x2003      	CALL       _____DoICP
0x000B	0x118A      	BCF        PCLATH, 3
0x000C	0x120A      	BCF        PCLATH, 4
;__Lib_System.c,141 :: 		
0x000D	0x0080      	MOVWF      INDF
;__Lib_System.c,142 :: 		
0x000E	0x0A84      	INCF       FSR, 1
;__Lib_System.c,143 :: 		
0x000F	0x0AAB      	INCF       ___DoICPAddr, 1
;__Lib_System.c,145 :: 		
0x0010	0x1903      	BTFSC      STATUS, 2
;__Lib_System.c,146 :: 		
0x0011	0x0AAC      	INCF       ___DoICPAddr+1, 1
;__Lib_System.c,147 :: 		
0x0012	0x03F0      	DECF       R0, 1
;__Lib_System.c,149 :: 		
0x0013	0x1D03      	BTFSS      STATUS, 2
;__Lib_System.c,150 :: 		
0x0014	0x280A      	GOTO       _CC2D_Loop1
;__Lib_System.c,152 :: 		
L_end___CC2DW:
0x0015	0x0008      	RETURN
; end of ___CC2DW
_main:
0x0016	0x303F      	MOVLW      63
0x0017	0x1283      	BCF        STATUS, 5
0x0018	0x1303      	BCF        STATUS, 6
0x0019	0x00A0      	MOVWF      _dizi
0x001A	0x3006      	MOVLW      6
0x001B	0x00A1      	MOVWF      33
0x001C	0x305B      	MOVLW      91
0x001D	0x00A2      	MOVWF      34
0x001E	0x304F      	MOVLW      79
0x001F	0x00A3      	MOVWF      35
0x0020	0x3066      	MOVLW      102
0x0021	0x00A4      	MOVWF      36
0x0022	0x306D      	MOVLW      109
0x0023	0x00A5      	MOVWF      37
0x0024	0x307D      	MOVLW      125
0x0025	0x00A6      	MOVWF      38
0x0026	0x3007      	MOVLW      7
0x0027	0x00A7      	MOVWF      39
0x0028	0x307F      	MOVLW      127
0x0029	0x00A8      	MOVWF      40
0x002A	0x306F      	MOVLW      111
0x002B	0x00A9      	MOVWF      41
0x002C	0x01AA      	CLRF       _i
;0-9 ARTTIRMA SAYICI.c,3 :: 		void main()   // ANA PROÐRAM BAÞLANGICI...
;0-9 ARTTIRMA SAYICI.c,5 :: 		trisb=0;        // TRISB'NIN BÜTÜN PÝNLERÝ ÇIKIÞ OLARAK AYARLANDI...
0x002D	0x1683      	BSF        STATUS, 5
0x002E	0x0186      	CLRF       TRISB
;0-9 ARTTIRMA SAYICI.c,6 :: 		trisa.f0=1;     // TRISA'NIN 0. PÝNÝ GÝRÝÞ OLARAK AYARLANDI...
0x002F	0x1405      	BSF        TRISA, 0
;0-9 ARTTIRMA SAYICI.c,7 :: 		portb=dizi[0];  // PORTB'YE DÝZÝNÝN 0. ELEMANI OLAN SIFIR RAKAMI YÜKLENÝYOR...
0x0030	0x1283      	BCF        STATUS, 5
0x0031	0x0820      	MOVF       _dizi, 0
0x0032	0x0086      	MOVWF      PORTB
;0-9 ARTTIRMA SAYICI.c,8 :: 		CMCON=7;        // KOMPARATÖRLER KAPATILDI...
0x0033	0x3007      	MOVLW      7
0x0034	0x009F      	MOVWF      CMCON
;0-9 ARTTIRMA SAYICI.c,9 :: 		while(1)        // SONSUZ DÖNGÜ BAÞLANGICI...
L_main0:
;0-9 ARTTIRMA SAYICI.c,11 :: 		if(porta.f0==0)      //PORTA.F0'DAKÝ PULL-UP DÝRENCÝ 0 MI ( 0V )... ?
0x0035	0x1805      	BTFSC      PORTA, 0
0x0036	0x2850      	GOTO       L_main2
;0-9 ARTTIRMA SAYICI.c,13 :: 		i++;        // 1 DEÐÝÞKENÝ 1 ARTTIRILDI...
0x0037	0x0AAA      	INCF       _i, 1
;0-9 ARTTIRMA SAYICI.c,14 :: 		if(i>9)     // Ý DEÐÝÞKENÝ 9 SAYISINDAN BÜYÜK ÝSE...
0x0038	0x082A      	MOVF       _i, 0
0x0039	0x3C09      	SUBLW      9
0x003A	0x1803      	BTFSC      STATUS, 0
0x003B	0x283D      	GOTO       L_main3
;0-9 ARTTIRMA SAYICI.c,16 :: 		i=0;   // Ý DEÐÝÞKENÝNÝ 0 YAP...
0x003C	0x01AA      	CLRF       _i
;0-9 ARTTIRMA SAYICI.c,17 :: 		}
L_main3:
;0-9 ARTTIRMA SAYICI.c,18 :: 		portb=dizi[i];  //PORTB'YE DÝZÝNÝN Ý DEÐÝÞKENÝ KAÇSA O ELAMANINI YÜKLE...
0x003D	0x082A      	MOVF       _i, 0
0x003E	0x3E20      	ADDLW      _dizi
0x003F	0x0084      	MOVWF      FSR
0x0040	0x0800      	MOVF       INDF, 0
0x0041	0x0086      	MOVWF      PORTB
;0-9 ARTTIRMA SAYICI.c,19 :: 		delay_ms(500);  //500 MÝLÝSANÝYE BEKLE...
0x0042	0x3003      	MOVLW      3
0x0043	0x00FB      	MOVWF      R11
0x0044	0x308A      	MOVLW      138
0x0045	0x00FC      	MOVWF      R12
0x0046	0x3055      	MOVLW      85
0x0047	0x00FD      	MOVWF      R13
L_main4:
0x0048	0x0BFD      	DECFSZ     R13, 1
0x0049	0x2848      	GOTO       L_main4
0x004A	0x0BFC      	DECFSZ     R12, 1
0x004B	0x2848      	GOTO       L_main4
0x004C	0x0BFB      	DECFSZ     R11, 1
0x004D	0x2848      	GOTO       L_main4
0x004E	0x0000      	NOP
0x004F	0x0000      	NOP
;0-9 ARTTIRMA SAYICI.c,20 :: 		}  //ÝF KOMUTU SONU...
L_main2:
;0-9 ARTTIRMA SAYICI.c,21 :: 		} // SONSUZ DÖNGÜ SONU...
0x0050	0x2835      	GOTO       L_main0
;0-9 ARTTIRMA SAYICI.c,22 :: 		}  // ANA PROÐRAM SONU...
L_end_main:
0x0051	0x2851      	GOTO       $+0
; end of _main
Symbol List:
//** Routines locations **
//ADDRESS    SIZE    PROCEDURE
//----------------------------------------------
0x0003       [7]    _____DoICP
0x000A      [12]    ___CC2DW
0x0016      [60]    _main
//** Variables locations ** 
//ADDRESS    SIZE    VARIABLE
//----------------------------------------------
0x0000       [1]    INDF
0x0002       [1]    PCL
0x0003       [1]    STATUS
0x0004       [1]    FSR
0x0005       [1]    PORTA
0x0006       [1]    PORTB
0x000A       [1]    PCLATH
0x001F       [1]    CMCON
0x0020      [10]    _dizi
0x002A       [1]    _i
0x002B       [2]    ___DoICPAddr
0x0070       [1]    R0
0x0071       [1]    R1
0x0072       [1]    R2
0x0073       [1]    R3
0x0074       [1]    R4
0x0075       [1]    R5
0x0076       [1]    R6
0x0077       [1]    R7
0x0078       [1]    R8
0x0079       [1]    R9
0x007A       [1]    R10
0x007B       [1]    R11
0x007C       [1]    R12
0x007D       [1]    R13
0x007E       [1]    R14
0x007F       [1]    R15
0x0085       [1]    TRISA
0x0086       [1]    TRISB
//** Label List: ** 
//----------------------------------------------
  L_main0
  L_main1
  L_main2
  L_main3
  L_main4
  L_end_main
  _main
  L_loopCA2AWs
  L_CA2AWend
  _CCA2AW_Loop1
  L_loopCS2Ss
  L_CS2Send
  _CCS2S_Loop1
  L_CCS2Send
  L_loopFZinSWs
  L_FZinSend
  _CC2D_Loop1
  L_end_____DoICP
  _____DoICP
  L_end_____DoIFC
  _____DoIFC
  L_end___CA2AW
  ___CA2AW
  L_end___CCA2AW
  ___CCA2AW
  L_end___CS2S
  ___CS2S
  L_end___CCS2S
  ___CCS2S
  L_end___FZinS
  ___FZinS
  L_end___CC2DW
  ___CC2DW
  L_end_Swap
  _Swap
